  [4;36;1mSQL (1.0ms)[0m   [0;1m SELECT name
 FROM sqlite_master
 WHERE type = 'table' AND NOT name = 'sqlite_sequence'
[0m
  [4;35;1mSQL (1.0ms)[0m   [0mselect sqlite_version(*)[0m
  [4;36;1mSQL (37.0ms)[0m   [0;1mCREATE TABLE "schema_migrations" ("version" varchar(255) NOT NULL) [0m
  [4;35;1mSQL (33.0ms)[0m   [0mCREATE UNIQUE INDEX "unique_schema_migrations" ON "schema_migrations" ("version")[0m
  [4;36;1mSQL (1.0ms)[0m   [0;1m SELECT name
 FROM sqlite_master
 WHERE type = 'table' AND NOT name = 'sqlite_sequence'
[0m
  [4;35;1mSQL (0.0ms)[0m   [0mSELECT version FROM schema_migrations[0m
Migrating to CreateMusicians (20100111155601)
  [4;36;1mSQL (1.0ms)[0m   [0;1mCREATE TABLE "musicians" ("id" INTEGER PRIMARY KEY AUTOINCREMENT NOT NULL, "name" varchar(255), "instrument" varchar(255), "age" integer, "gender" varchar(255), "created_at" datetime, "updated_at" datetime) [0m
  [4;35;1mSQL (0.0ms)[0m   [0mINSERT INTO schema_migrations (version) VALUES ('20100111155601')[0m
  [4;36;1mSQL (0.0ms)[0m   [0;1m SELECT name
 FROM sqlite_master
 WHERE type = 'table' AND NOT name = 'sqlite_sequence'
[0m
  [4;35;1mSQL (0.0ms)[0m   [0mSELECT version FROM schema_migrations[0m
  [4;36;1mSQL (0.0ms)[0m   [0;1m SELECT name
 FROM sqlite_master
 WHERE type = 'table' AND NOT name = 'sqlite_sequence'
[0m
  [4;35;1mSQL (0.0ms)[0m   [0mPRAGMA index_list("musicians")[0m
  [4;36;1mSQL (0.0ms)[0m   [0;1m SELECT name
 FROM sqlite_master
 WHERE type = 'table' AND NOT name = 'sqlite_sequence'
[0m
  [4;35;1mSQL (0.0ms)[0m   [0mSELECT version FROM schema_migrations[0m
Migrating to CreateMusicians (20100111155601)
Migrating to CreateBands (20100111160449)
  [4;36;1mSQL (0.0ms)[0m   [0;1mselect sqlite_version(*)[0m
  [4;35;1mSQL (1.0ms)[0m   [0mCREATE TABLE "bands" ("id" INTEGER PRIMARY KEY AUTOINCREMENT NOT NULL, "name" varchar(255), "description" text, "lookfor_ints" varchar(255), "lookfor_gender" varchar(255), "created_at" datetime, "updated_at" datetime) [0m
  [4;36;1mSQL (0.0ms)[0m   [0;1mINSERT INTO schema_migrations (version) VALUES ('20100111160449')[0m
  [4;35;1mSQL (0.0ms)[0m   [0m SELECT name
 FROM sqlite_master
 WHERE type = 'table' AND NOT name = 'sqlite_sequence'
[0m
  [4;36;1mSQL (0.0ms)[0m   [0;1mSELECT version FROM schema_migrations[0m
  [4;35;1mSQL (0.0ms)[0m   [0m SELECT name
 FROM sqlite_master
 WHERE type = 'table' AND NOT name = 'sqlite_sequence'
[0m
  [4;36;1mSQL (1.0ms)[0m   [0;1mPRAGMA index_list("bands")[0m
  [4;35;1mSQL (0.0ms)[0m   [0mPRAGMA index_list("musicians")[0m


Processing ApplicationController#index (for 127.0.0.1 at 2010-01-11 10:37:40) [GET]

ActionController::RoutingError (No route matches "/musician" with {:method=>:get}):
  

Rendering rescues/layout (not_found)


Processing ApplicationController#index (for 127.0.0.1 at 2010-01-11 10:38:09) [GET]

ActionController::RoutingError (No route matches "/musician/" with {:method=>:get}):
  

Rendering rescues/layout (not_found)


Processing MusiciansController#index (for 127.0.0.1 at 2010-01-11 10:38:55) [GET]
  [4;36;1mSQL (1.0ms)[0m   [0;1m SELECT name
 FROM sqlite_master
 WHERE type = 'table' AND NOT name = 'sqlite_sequence'
[0m
  [4;35;1mSQL (1.0ms)[0m   [0m SELECT name
 FROM sqlite_master
 WHERE type = 'table' AND NOT name = 'sqlite_sequence'
[0m

NoMethodError (undefined method `validate_presence_of' for #<Class:0x47224d8>):
  app/models/musician.rb:2
  app/controllers/musicians_controller.rb:5:in `index'

Rendered rescues/_trace (87.0ms)
Rendered rescues/_request_and_response (3.0ms)
Rendering rescues/layout (internal_server_error)


Processing MusiciansController#show (for 127.0.0.1 at 2010-01-11 10:39:15) [GET]
  Parameters: {"id"=>"edit"}
  [4;36;1mSQL (0.0ms)[0m   [0;1m SELECT name
 FROM sqlite_master
 WHERE type = 'table' AND NOT name = 'sqlite_sequence'
[0m
  [4;35;1mSQL (0.0ms)[0m   [0m SELECT name
 FROM sqlite_master
 WHERE type = 'table' AND NOT name = 'sqlite_sequence'
[0m

NoMethodError (undefined method `validate_presence_of' for #<Class:0x62fda40>):
  app/models/musician.rb:2
  app/controllers/musicians_controller.rb:16:in `show'

Rendered rescues/_trace (121.0ms)
Rendered rescues/_request_and_response (0.0ms)
Rendering rescues/layout (internal_server_error)


Processing MusiciansController#new (for 127.0.0.1 at 2010-01-11 10:39:58) [GET]
  [4;36;1mSQL (1.0ms)[0m   [0;1m SELECT name
 FROM sqlite_master
 WHERE type = 'table' AND NOT name = 'sqlite_sequence'
[0m
  [4;35;1mSQL (0.0ms)[0m   [0m SELECT name
 FROM sqlite_master
 WHERE type = 'table' AND NOT name = 'sqlite_sequence'
[0m

NoMethodError (undefined method `validate_presence_of' for #<Class:0x63cb1c0>):
  app/models/musician.rb:2
  app/controllers/musicians_controller.rb:27:in `new'

Rendered rescues/_trace (60.0ms)
Rendered rescues/_request_and_response (1.0ms)
Rendering rescues/layout (internal_server_error)
  [4;36;1mSQL (0.0ms)[0m   [0;1m SELECT name
 FROM sqlite_master
 WHERE type = 'table' AND NOT name = 'sqlite_sequence'
[0m
  [4;35;1mSQL (0.0ms)[0m   [0mSELECT version FROM schema_migrations[0m
Migrating to CreateMusicians (20100111155601)
Migrating to CreateBands (20100111160449)
Migrating to AddTestData (20100111174742)
  [4;36;1mSQL (1.0ms)[0m   [0;1mselect sqlite_version(*)[0m
  [4;35;1mSQL (1.0ms)[0m   [0m SELECT name
 FROM sqlite_master
 WHERE type = 'table' AND NOT name = 'sqlite_sequence'
[0m
  [4;36;1mSQL (0.0ms)[0m   [0;1m SELECT name
 FROM sqlite_master
 WHERE type = 'table' AND NOT name = 'sqlite_sequence'
[0m
  [4;36;1mSQL (0.0ms)[0m   [0;1m SELECT name
 FROM sqlite_master
 WHERE type = 'table' AND NOT name = 'sqlite_sequence'
[0m
  [4;35;1mSQL (0.0ms)[0m   [0mSELECT version FROM schema_migrations[0m
Migrating to CreateMusicians (20100111155601)
Migrating to CreateBands (20100111160449)
Migrating to AddTestData (20100111174742)
  [4;36;1mSQL (0.0ms)[0m   [0;1mselect sqlite_version(*)[0m
  [4;35;1mMusician Delete all (1.0ms)[0m   [0mDELETE FROM "musicians" WHERE 1=1[0m
  [4;36;1mBand Delete all (0.0ms)[0m   [0;1mDELETE FROM "bands" WHERE 1=1[0m
  [4;35;1mBand Load (0.0ms)[0m   [0mSELECT "bands".id FROM "bands" WHERE ("bands"."description" = '<p>we love to rock</p>') LIMIT 1[0m
  [4;36;1mBand Create (1.0ms)[0m   [0;1mINSERT INTO "bands" ("name", "updated_at", "lookfor_ints", "lookfor_gender", "description", "created_at") VALUES('The Kinks', '2010-01-11 18:25:45', 'trumpet', 'male', '<p>we love to rock</p>', '2010-01-11 18:25:45')[0m
  [4;35;1mBand Load (0.0ms)[0m   [0mSELECT "bands".id FROM "bands" WHERE ("bands"."description" = '<p>we love reggae</p>') LIMIT 1[0m
  [4;36;1mBand Create (0.0ms)[0m   [0;1mINSERT INTO "bands" ("name", "updated_at", "lookfor_ints", "lookfor_gender", "description", "created_at") VALUES('Sublime', '2010-01-11 18:25:45', 'trumpet', 'female', '<p>we love reggae</p>', '2010-01-11 18:25:45')[0m
  [4;35;1mBand Load (0.0ms)[0m   [0mSELECT "bands".id FROM "bands" WHERE ("bands"."description" = '<p>hail Denver!</p>') LIMIT 1[0m
  [4;36;1mBand Create (0.0ms)[0m   [0;1mINSERT INTO "bands" ("name", "updated_at", "lookfor_ints", "lookfor_gender", "description", "created_at") VALUES('Flobots', '2010-01-11 18:25:45', 'banjo', 'male', '<p>hail Denver!</p>', '2010-01-11 18:25:45')[0m
  [4;35;1mBand Load (0.0ms)[0m   [0mSELECT "bands".id FROM "bands" WHERE ("bands"."description" = '<p>chir lir lir</p>') LIMIT 1[0m
  [4;36;1mBand Create (0.0ms)[0m   [0;1mINSERT INTO "bands" ("name", "updated_at", "lookfor_ints", "lookfor_gender", "description", "created_at") VALUES('Kargyraa Moaners', '2010-01-11 18:25:45', 'doshpulur', 'male', '<p>chir lir lir</p>', '2010-01-11 18:25:45')[0m
  [4;35;1mSQL (0.0ms)[0m   [0mINSERT INTO schema_migrations (version) VALUES ('20100111174742')[0m
  [4;36;1mSQL (1.0ms)[0m   [0;1m SELECT name
 FROM sqlite_master
 WHERE type = 'table' AND NOT name = 'sqlite_sequence'
[0m
  [4;35;1mSQL (0.0ms)[0m   [0mSELECT version FROM schema_migrations[0m
  [4;36;1mSQL (1.0ms)[0m   [0;1m SELECT name
 FROM sqlite_master
 WHERE type = 'table' AND NOT name = 'sqlite_sequence'
[0m
  [4;35;1mSQL (0.0ms)[0m   [0mPRAGMA index_list("bands")[0m
  [4;36;1mSQL (0.0ms)[0m   [0;1mPRAGMA index_list("musicians")[0m


Processing MusiciansController#index (for 127.0.0.1 at 2010-01-11 11:26:08) [GET]
  [4;36;1mMusician Load (0.0ms)[0m   [0;1mSELECT * FROM "musicians" [0m
Rendering template within layouts/musicians
Rendering musicians/index
Completed in 289ms (View: 283, DB: 0) | 200 OK [http://localhost/musicians/]


Processing MusiciansController#index (for 127.0.0.1 at 2010-01-11 11:26:25) [GET]
  [4;35;1mMusician Load (0.0ms)[0m   [0mSELECT * FROM "musicians" [0m
Rendering template within layouts/musicians
Rendering musicians/index
Completed in 62ms (View: 2, DB: 0) | 200 OK [http://localhost/musicians/]


Processing MusiciansController#new (for 127.0.0.1 at 2010-01-11 11:26:32) [GET]
Rendering template within layouts/musicians
Rendering musicians/new
Completed in 19ms (View: 13, DB: 0) | 200 OK [http://localhost/musicians/new]


Processing MusiciansController#index (for 127.0.0.1 at 2010-01-11 11:26:43) [GET]
  [4;36;1mMusician Load (0.0ms)[0m   [0;1mSELECT * FROM "musicians" [0m
Rendering template within layouts/musicians
Rendering musicians/index
Completed in 9ms (View: 2, DB: 0) | 200 OK [http://localhost/musicians/]


Processing MusiciansController#index (for 127.0.0.1 at 2010-01-11 11:33:49) [GET]
  [4;35;1mMusician Load (0.0ms)[0m   [0mSELECT * FROM "musicians" [0m
Rendering template within layouts/musicians
Rendering musicians/index
Completed in 8ms (View: 2, DB: 0) | 200 OK [http://localhost/musicians/]


Processing BandsController#index (for 127.0.0.1 at 2010-01-11 11:38:49) [GET]
  [4;36;1mBand Load (1.0ms)[0m   [0;1mSELECT * FROM "bands" [0m
Rendering template within layouts/bands
Rendering bands/index
Completed in 36ms (View: 30, DB: 1) | 200 OK [http://localhost/bands/]
  [4;36;1mSQL (1.0ms)[0m   [0;1m SELECT name
 FROM sqlite_master
 WHERE type = 'table' AND NOT name = 'sqlite_sequence'
[0m
  [4;35;1mSQL (1.0ms)[0m   [0mSELECT version FROM schema_migrations[0m
Migrating to CreateMusicians (20100111155601)
Migrating to CreateBands (20100111160449)
Migrating to AddTestData (20100111174742)
Migrating to AddTestMusic (20100111184035)
  [4;36;1mSQL (0.0ms)[0m   [0;1mselect sqlite_version(*)[0m
  [4;35;1mMusician Delete all (0.0ms)[0m   [0mDELETE FROM "musicians" WHERE 1=1[0m
  [4;36;1mSQL (0.0ms)[0m   [0;1mINSERT INTO schema_migrations (version) VALUES ('20100111184035')[0m
  [4;35;1mSQL (0.0ms)[0m   [0m SELECT name
 FROM sqlite_master
 WHERE type = 'table' AND NOT name = 'sqlite_sequence'
[0m
  [4;36;1mSQL (0.0ms)[0m   [0;1mSELECT version FROM schema_migrations[0m
  [4;35;1mSQL (0.0ms)[0m   [0m SELECT name
 FROM sqlite_master
 WHERE type = 'table' AND NOT name = 'sqlite_sequence'
[0m
  [4;36;1mSQL (0.0ms)[0m   [0;1mPRAGMA index_list("bands")[0m
  [4;35;1mSQL (0.0ms)[0m   [0mPRAGMA index_list("musicians")[0m


Processing MusiciansController#index (for 127.0.0.1 at 2010-01-11 11:43:40) [GET]
  [4;35;1mMusician Load (1.0ms)[0m   [0mSELECT * FROM "musicians" [0m
Rendering template within layouts/musicians
Rendering musicians/index
Completed in 8ms (View: 2, DB: 1) | 200 OK [http://localhost/musicians/]
  [4;36;1mSQL (0.0ms)[0m   [0;1m SELECT name
 FROM sqlite_master
 WHERE type = 'table' AND NOT name = 'sqlite_sequence'
[0m
  [4;35;1mSQL (0.0ms)[0m   [0mSELECT version FROM schema_migrations[0m
Migrating to CreateMusicians (20100111155601)
Migrating to CreateBands (20100111160449)
Migrating to AddTestData (20100111174742)
Migrating to AddTestMusic (20100111184035)
  [4;36;1mSQL (0.0ms)[0m   [0;1mselect sqlite_version(*)[0m
  [4;35;1mSQL (0.0ms)[0m   [0m SELECT name
 FROM sqlite_master
 WHERE type = 'table' AND NOT name = 'sqlite_sequence'
[0m
  [4;36;1mSQL (1.0ms)[0m   [0;1mSELECT version FROM schema_migrations[0m
  [4;35;1mSQL (0.0ms)[0m   [0m SELECT name
 FROM sqlite_master
 WHERE type = 'table' AND NOT name = 'sqlite_sequence'
[0m
  [4;36;1mSQL (0.0ms)[0m   [0;1mPRAGMA index_list("bands")[0m
  [4;35;1mSQL (0.0ms)[0m   [0mPRAGMA index_list("musicians")[0m
  [4;36;1mSQL (0.0ms)[0m   [0;1m SELECT name
 FROM sqlite_master
 WHERE type = 'table' AND NOT name = 'sqlite_sequence'
[0m
  [4;35;1mSQL (0.0ms)[0m   [0mSELECT version FROM schema_migrations[0m
Migrating to CreateMusicians (20100111155601)
Migrating to CreateBands (20100111160449)
Migrating to AddTestData (20100111174742)
Migrating to AddTestMusic (20100111184035)
  [4;36;1mSQL (1.0ms)[0m   [0;1mselect sqlite_version(*)[0m
  [4;35;1mSQL (0.0ms)[0m   [0m SELECT name
 FROM sqlite_master
 WHERE type = 'table' AND NOT name = 'sqlite_sequence'
[0m
  [4;36;1mSQL (0.0ms)[0m   [0;1mSELECT version FROM schema_migrations[0m
  [4;35;1mSQL (0.0ms)[0m   [0m SELECT name
 FROM sqlite_master
 WHERE type = 'table' AND NOT name = 'sqlite_sequence'
[0m
  [4;36;1mSQL (0.0ms)[0m   [0;1mPRAGMA index_list("bands")[0m
  [4;35;1mSQL (0.0ms)[0m   [0mPRAGMA index_list("musicians")[0m
  [4;36;1mSQL (1.0ms)[0m   [0;1m SELECT name
 FROM sqlite_master
 WHERE type = 'table' AND NOT name = 'sqlite_sequence'
[0m
  [4;35;1mSQL (0.0ms)[0m   [0mSELECT version FROM schema_migrations[0m
Migrating to CreateMusicians (20100111155601)
Migrating to CreateBands (20100111160449)
Migrating to AddTestData (20100111174742)
Migrating to AddTestMusic (20100111184035)
Migrating to AddTestMusic2 (20100111211831)
  [4;36;1mSQL (0.0ms)[0m   [0;1mselect sqlite_version(*)[0m
  [4;35;1mMusician Delete all (0.0ms)[0m   [0mDELETE FROM "musicians" WHERE 1=1[0m
  [4;36;1mMusician Create (1.0ms)[0m   [0;1mINSERT INTO "musicians" ("name", "instrument", "updated_at", "gender", "age", "created_at") VALUES('Giacomo Guilizzoni', 'trumpet', '2010-01-11 21:19:25', 'male', 33, '2010-01-11 21:19:25')[0m
  [4;35;1mMusician Create (0.0ms)[0m   [0mINSERT INTO "musicians" ("name", "instrument", "updated_at", "gender", "age", "created_at") VALUES('Guido Jack', 'trumpet', '2010-01-11 21:19:25', 'male', 23, '2010-01-11 21:19:25')[0m
  [4;36;1mMusician Create (0.0ms)[0m   [0;1mINSERT INTO "musicians" ("name", "instrument", "updated_at", "gender", "age", "created_at") VALUES('Mariah Maclachlan', 'trumpet', '2010-01-11 21:19:25', 'female', 34, '2010-01-11 21:19:25')[0m
  [4;35;1mMusician Create (0.0ms)[0m   [0mINSERT INTO "musicians" ("name", "instrument", "updated_at", "gender", "age", "created_at") VALUES('Kongar-ol Ondar', 'doshpulur', '2010-01-11 21:19:25', 'male', 60, '2010-01-11 21:19:25')[0m
  [4;36;1mMusician Create (0.0ms)[0m   [0;1mINSERT INTO "musicians" ("name", "instrument", "updated_at", "gender", "age", "created_at") VALUES('Bela Fleck', 'banjo', '2010-01-11 21:19:25', 'male', 51, '2010-01-11 21:19:25')[0m
  [4;35;1mSQL (0.0ms)[0m   [0mINSERT INTO schema_migrations (version) VALUES ('20100111211831')[0m
  [4;36;1mSQL (1.0ms)[0m   [0;1m SELECT name
 FROM sqlite_master
 WHERE type = 'table' AND NOT name = 'sqlite_sequence'
[0m
  [4;35;1mSQL (0.0ms)[0m   [0mSELECT version FROM schema_migrations[0m
  [4;36;1mSQL (0.0ms)[0m   [0;1m SELECT name
 FROM sqlite_master
 WHERE type = 'table' AND NOT name = 'sqlite_sequence'
[0m
  [4;35;1mSQL (1.0ms)[0m   [0mPRAGMA index_list("bands")[0m
  [4;36;1mSQL (0.0ms)[0m   [0;1mPRAGMA index_list("musicians")[0m


Processing MusiciansController#index (for 127.0.0.1 at 2010-01-11 14:20:03) [GET]
  [4;36;1mMusician Load (1.0ms)[0m   [0;1mSELECT * FROM "musicians" [0m
Rendering template within layouts/musicians
Rendering musicians/index
Completed in 23ms (View: 16, DB: 1) | 200 OK [http://localhost/musicians/]
/!\ FAILSAFE /!\  Wed Jan 13 09:40:38 -0700 2010
  Status: 500 Internal Server Error
  Expected C:/Users/Peter/RailRuby/rails_apps/work/MusicianMatchup/app/helpers/mb_search_helper.rb to define MbSearchHelper
    C:/Users/Peter/RailRuby/ruby/lib/ruby/gems/1.8/gems/activesupport-2.3.5/lib/active_support/dependencies.rb:426:in `load_missing_constant'
    C:/Users/Peter/RailRuby/ruby/lib/ruby/gems/1.8/gems/activesupport-2.3.5/lib/active_support/dependencies.rb:80:in `const_missing'
    C:/Users/Peter/RailRuby/ruby/lib/ruby/gems/1.8/gems/activesupport-2.3.5/lib/active_support/dependencies.rb:92:in `const_missing'
    C:/Users/Peter/RailRuby/ruby/lib/ruby/gems/1.8/gems/activesupport-2.3.5/lib/active_support/inflector.rb:361:in `constantize'
    C:/Users/Peter/RailRuby/ruby/lib/ruby/gems/1.8/gems/activesupport-2.3.5/lib/active_support/inflector.rb:360:in `each'
    C:/Users/Peter/RailRuby/ruby/lib/ruby/gems/1.8/gems/activesupport-2.3.5/lib/active_support/inflector.rb:360:in `constantize'
    C:/Users/Peter/RailRuby/ruby/lib/ruby/gems/1.8/gems/activesupport-2.3.5/lib/active_support/core_ext/string/inflections.rb:162:in `constantize'
    C:/Users/Peter/RailRuby/ruby/lib/ruby/gems/1.8/gems/actionpack-2.3.5/lib/action_controller/helpers.rb:137:in `helper'
    C:/Users/Peter/RailRuby/ruby/lib/ruby/gems/1.8/gems/actionpack-2.3.5/lib/action_controller/helpers.rb:115:in `each'
    C:/Users/Peter/RailRuby/ruby/lib/ruby/gems/1.8/gems/actionpack-2.3.5/lib/action_controller/helpers.rb:115:in `helper'
    C:/Users/Peter/RailRuby/ruby/lib/ruby/gems/1.8/gems/actionpack-2.3.5/lib/action_controller/helpers.rb:120:in `helper'
    C:/Users/Peter/RailRuby/ruby/lib/ruby/gems/1.8/gems/actionpack-2.3.5/lib/action_controller/helpers.rb:115:in `each'
    C:/Users/Peter/RailRuby/ruby/lib/ruby/gems/1.8/gems/actionpack-2.3.5/lib/action_controller/helpers.rb:115:in `helper'
    C:/Users/Peter/RailRuby/rails_apps/work/MusicianMatchup/app/controllers/application_controller.rb:5
    C:/Users/Peter/RailRuby/ruby/lib/ruby/gems/1.8/gems/activesupport-2.3.5/lib/active_support/dependencies.rb:380:in `load_without_new_constant_marking'
    C:/Users/Peter/RailRuby/ruby/lib/ruby/gems/1.8/gems/activesupport-2.3.5/lib/active_support/dependencies.rb:380:in `load_file'
    C:/Users/Peter/RailRuby/ruby/lib/ruby/gems/1.8/gems/activesupport-2.3.5/lib/active_support/dependencies.rb:521:in `new_constants_in'
    C:/Users/Peter/RailRuby/ruby/lib/ruby/gems/1.8/gems/activesupport-2.3.5/lib/active_support/dependencies.rb:379:in `load_file'
    C:/Users/Peter/RailRuby/ruby/lib/ruby/gems/1.8/gems/activesupport-2.3.5/lib/active_support/dependencies.rb:259:in `require_or_load'
    C:/Users/Peter/RailRuby/ruby/lib/ruby/gems/1.8/gems/activesupport-2.3.5/lib/active_support/dependencies.rb:425:in `load_missing_constant'
    C:/Users/Peter/RailRuby/ruby/lib/ruby/gems/1.8/gems/activesupport-2.3.5/lib/active_support/dependencies.rb:80:in `const_missing'
    C:/Users/Peter/RailRuby/ruby/lib/ruby/gems/1.8/gems/activesupport-2.3.5/lib/active_support/dependencies.rb:92:in `const_missing'
    C:/Users/Peter/RailRuby/ruby/lib/ruby/gems/1.8/gems/actionpack-2.3.5/lib/action_controller/dispatcher.rb:89:in `dispatch'
    C:/Users/Peter/RailRuby/ruby/lib/ruby/gems/1.8/gems/actionpack-2.3.5/lib/action_controller/dispatcher.rb:121:in `_call'
    C:/Users/Peter/RailRuby/ruby/lib/ruby/gems/1.8/gems/actionpack-2.3.5/lib/action_controller/dispatcher.rb:130:in `build_middleware_stack'
    C:/Users/Peter/RailRuby/ruby/lib/ruby/gems/1.8/gems/activerecord-2.3.5/lib/active_record/query_cache.rb:29:in `call'
    C:/Users/Peter/RailRuby/ruby/lib/ruby/gems/1.8/gems/activerecord-2.3.5/lib/active_record/query_cache.rb:29:in `call'
    C:/Users/Peter/RailRuby/ruby/lib/ruby/gems/1.8/gems/activerecord-2.3.5/lib/active_record/connection_adapters/abstract/query_cache.rb:34:in `cache'
    C:/Users/Peter/RailRuby/ruby/lib/ruby/gems/1.8/gems/activerecord-2.3.5/lib/active_record/query_cache.rb:9:in `cache'
    C:/Users/Peter/RailRuby/ruby/lib/ruby/gems/1.8/gems/activerecord-2.3.5/lib/active_record/query_cache.rb:28:in `call'
    C:/Users/Peter/RailRuby/ruby/lib/ruby/gems/1.8/gems/activerecord-2.3.5/lib/active_record/connection_adapters/abstract/connection_pool.rb:361:in `call'
    C:/Users/Peter/RailRuby/ruby/lib/ruby/gems/1.8/gems/actionpack-2.3.5/lib/action_controller/string_coercion.rb:25:in `call'
    C:/Users/Peter/RailRuby/ruby/lib/ruby/gems/1.8/gems/rack-1.0.1/lib/rack/head.rb:9:in `call'
    C:/Users/Peter/RailRuby/ruby/lib/ruby/gems/1.8/gems/rack-1.0.1/lib/rack/methodoverride.rb:24:in `call'
    C:/Users/Peter/RailRuby/ruby/lib/ruby/gems/1.8/gems/actionpack-2.3.5/lib/action_controller/params_parser.rb:15:in `call'
    C:/Users/Peter/RailRuby/ruby/lib/ruby/gems/1.8/gems/actionpack-2.3.5/lib/action_controller/session/cookie_store.rb:93:in `call'
    C:/Users/Peter/RailRuby/ruby/lib/ruby/gems/1.8/gems/actionpack-2.3.5/lib/action_controller/failsafe.rb:26:in `call'
    C:/Users/Peter/RailRuby/ruby/lib/ruby/gems/1.8/gems/rack-1.0.1/lib/rack/lock.rb:11:in `call'
    C:/Users/Peter/RailRuby/ruby/lib/ruby/gems/1.8/gems/rack-1.0.1/lib/rack/lock.rb:11:in `synchronize'
    C:/Users/Peter/RailRuby/ruby/lib/ruby/gems/1.8/gems/rack-1.0.1/lib/rack/lock.rb:11:in `call'
    C:/Users/Peter/RailRuby/ruby/lib/ruby/gems/1.8/gems/actionpack-2.3.5/lib/action_controller/dispatcher.rb:114:in `call'
    C:/Users/Peter/RailRuby/ruby/lib/ruby/gems/1.8/gems/actionpack-2.3.5/lib/action_controller/reloader.rb:34:in `run'
    C:/Users/Peter/RailRuby/ruby/lib/ruby/gems/1.8/gems/actionpack-2.3.5/lib/action_controller/dispatcher.rb:108:in `call'
    C:/Users/Peter/RailRuby/ruby/lib/ruby/gems/1.8/gems/rails-2.3.5/lib/rails/rack/static.rb:31:in `call'
    C:/Users/Peter/RailRuby/ruby/lib/ruby/gems/1.8/gems/rack-1.0.1/lib/rack/urlmap.rb:46:in `call'
    C:/Users/Peter/RailRuby/ruby/lib/ruby/gems/1.8/gems/rack-1.0.1/lib/rack/urlmap.rb:40:in `each'
    C:/Users/Peter/RailRuby/ruby/lib/ruby/gems/1.8/gems/rack-1.0.1/lib/rack/urlmap.rb:40:in `call'
    C:/Users/Peter/RailRuby/ruby/lib/ruby/gems/1.8/gems/rails-2.3.5/lib/rails/rack/log_tailer.rb:17:in `call'
    C:/Users/Peter/RailRuby/ruby/lib/ruby/gems/1.8/gems/rack-1.0.1/lib/rack/content_length.rb:13:in `call'
    C:/Users/Peter/RailRuby/ruby/lib/ruby/gems/1.8/gems/rack-1.0.1/lib/rack/chunked.rb:15:in `call'
    C:/Users/Peter/RailRuby/ruby/lib/ruby/gems/1.8/gems/rack-1.0.1/lib/rack/handler/mongrel.rb:64:in `process'
    C:/Users/Peter/RailRuby/ruby/lib/ruby/gems/1.8/gems/mongrel-1.1.2-x86-mswin32/lib/mongrel.rb:159:in `process_client'
    C:/Users/Peter/RailRuby/ruby/lib/ruby/gems/1.8/gems/mongrel-1.1.2-x86-mswin32/lib/mongrel.rb:158:in `each'
    C:/Users/Peter/RailRuby/ruby/lib/ruby/gems/1.8/gems/mongrel-1.1.2-x86-mswin32/lib/mongrel.rb:158:in `process_client'
    C:/Users/Peter/RailRuby/ruby/lib/ruby/gems/1.8/gems/mongrel-1.1.2-x86-mswin32/lib/mongrel.rb:285:in `run'
    C:/Users/Peter/RailRuby/ruby/lib/ruby/gems/1.8/gems/mongrel-1.1.2-x86-mswin32/lib/mongrel.rb:285:in `initialize'
    C:/Users/Peter/RailRuby/ruby/lib/ruby/gems/1.8/gems/mongrel-1.1.2-x86-mswin32/lib/mongrel.rb:285:in `new'
    C:/Users/Peter/RailRuby/ruby/lib/ruby/gems/1.8/gems/mongrel-1.1.2-x86-mswin32/lib/mongrel.rb:285:in `run'
    C:/Users/Peter/RailRuby/ruby/lib/ruby/gems/1.8/gems/mongrel-1.1.2-x86-mswin32/lib/mongrel.rb:268:in `initialize'
    C:/Users/Peter/RailRuby/ruby/lib/ruby/gems/1.8/gems/mongrel-1.1.2-x86-mswin32/lib/mongrel.rb:268:in `new'
    C:/Users/Peter/RailRuby/ruby/lib/ruby/gems/1.8/gems/mongrel-1.1.2-x86-mswin32/lib/mongrel.rb:268:in `run'
    C:/Users/Peter/RailRuby/ruby/lib/ruby/gems/1.8/gems/rack-1.0.1/lib/rack/handler/mongrel.rb:34:in `run'
    C:/Users/Peter/RailRuby/ruby/lib/ruby/gems/1.8/gems/rails-2.3.5/lib/commands/server.rb:111
    C:/Users/Peter/RailRuby/ruby/lib/ruby/site_ruby/1.8/rubygems/custom_require.rb:31:in `gem_original_require'
    C:/Users/Peter/RailRuby/ruby/lib/ruby/site_ruby/1.8/rubygems/custom_require.rb:31:in `require'
    script/server:3
/!\ FAILSAFE /!\  Wed Jan 13 09:41:40 -0700 2010
  Status: 500 Internal Server Error
  Expected C:/Users/Peter/RailRuby/rails_apps/work/MusicianMatchup/app/helpers/mb_search_helper.rb to define MbSearchHelper
    C:/Users/Peter/RailRuby/ruby/lib/ruby/gems/1.8/gems/activesupport-2.3.5/lib/active_support/dependencies.rb:426:in `load_missing_constant'
    C:/Users/Peter/RailRuby/ruby/lib/ruby/gems/1.8/gems/activesupport-2.3.5/lib/active_support/dependencies.rb:80:in `const_missing'
    C:/Users/Peter/RailRuby/ruby/lib/ruby/gems/1.8/gems/activesupport-2.3.5/lib/active_support/dependencies.rb:92:in `const_missing'
    C:/Users/Peter/RailRuby/ruby/lib/ruby/gems/1.8/gems/activesupport-2.3.5/lib/active_support/inflector.rb:361:in `constantize'
    C:/Users/Peter/RailRuby/ruby/lib/ruby/gems/1.8/gems/activesupport-2.3.5/lib/active_support/inflector.rb:360:in `each'
    C:/Users/Peter/RailRuby/ruby/lib/ruby/gems/1.8/gems/activesupport-2.3.5/lib/active_support/inflector.rb:360:in `constantize'
    C:/Users/Peter/RailRuby/ruby/lib/ruby/gems/1.8/gems/activesupport-2.3.5/lib/active_support/core_ext/string/inflections.rb:162:in `constantize'
    C:/Users/Peter/RailRuby/ruby/lib/ruby/gems/1.8/gems/actionpack-2.3.5/lib/action_controller/helpers.rb:137:in `helper'
    C:/Users/Peter/RailRuby/ruby/lib/ruby/gems/1.8/gems/actionpack-2.3.5/lib/action_controller/helpers.rb:115:in `each'
    C:/Users/Peter/RailRuby/ruby/lib/ruby/gems/1.8/gems/actionpack-2.3.5/lib/action_controller/helpers.rb:115:in `helper'
    C:/Users/Peter/RailRuby/ruby/lib/ruby/gems/1.8/gems/actionpack-2.3.5/lib/action_controller/helpers.rb:120:in `helper'
    C:/Users/Peter/RailRuby/ruby/lib/ruby/gems/1.8/gems/actionpack-2.3.5/lib/action_controller/helpers.rb:115:in `each'
    C:/Users/Peter/RailRuby/ruby/lib/ruby/gems/1.8/gems/actionpack-2.3.5/lib/action_controller/helpers.rb:115:in `helper'
    C:/Users/Peter/RailRuby/rails_apps/work/MusicianMatchup/app/controllers/application_controller.rb:5
    C:/Users/Peter/RailRuby/ruby/lib/ruby/gems/1.8/gems/activesupport-2.3.5/lib/active_support/dependencies.rb:380:in `load_without_new_constant_marking'
    C:/Users/Peter/RailRuby/ruby/lib/ruby/gems/1.8/gems/activesupport-2.3.5/lib/active_support/dependencies.rb:380:in `load_file'
    C:/Users/Peter/RailRuby/ruby/lib/ruby/gems/1.8/gems/activesupport-2.3.5/lib/active_support/dependencies.rb:521:in `new_constants_in'
    C:/Users/Peter/RailRuby/ruby/lib/ruby/gems/1.8/gems/activesupport-2.3.5/lib/active_support/dependencies.rb:379:in `load_file'
    C:/Users/Peter/RailRuby/ruby/lib/ruby/gems/1.8/gems/activesupport-2.3.5/lib/active_support/dependencies.rb:259:in `require_or_load'
    C:/Users/Peter/RailRuby/ruby/lib/ruby/gems/1.8/gems/activesupport-2.3.5/lib/active_support/dependencies.rb:425:in `load_missing_constant'
    C:/Users/Peter/RailRuby/ruby/lib/ruby/gems/1.8/gems/activesupport-2.3.5/lib/active_support/dependencies.rb:80:in `const_missing'
    C:/Users/Peter/RailRuby/ruby/lib/ruby/gems/1.8/gems/activesupport-2.3.5/lib/active_support/dependencies.rb:92:in `const_missing'
    C:/Users/Peter/RailRuby/ruby/lib/ruby/gems/1.8/gems/actionpack-2.3.5/lib/action_controller/dispatcher.rb:89:in `dispatch'
    C:/Users/Peter/RailRuby/ruby/lib/ruby/gems/1.8/gems/actionpack-2.3.5/lib/action_controller/dispatcher.rb:121:in `_call'
    C:/Users/Peter/RailRuby/ruby/lib/ruby/gems/1.8/gems/actionpack-2.3.5/lib/action_controller/dispatcher.rb:130:in `build_middleware_stack'
    C:/Users/Peter/RailRuby/ruby/lib/ruby/gems/1.8/gems/activerecord-2.3.5/lib/active_record/query_cache.rb:29:in `call'
    C:/Users/Peter/RailRuby/ruby/lib/ruby/gems/1.8/gems/activerecord-2.3.5/lib/active_record/query_cache.rb:29:in `call'
    C:/Users/Peter/RailRuby/ruby/lib/ruby/gems/1.8/gems/activerecord-2.3.5/lib/active_record/connection_adapters/abstract/query_cache.rb:34:in `cache'
    C:/Users/Peter/RailRuby/ruby/lib/ruby/gems/1.8/gems/activerecord-2.3.5/lib/active_record/query_cache.rb:9:in `cache'
    C:/Users/Peter/RailRuby/ruby/lib/ruby/gems/1.8/gems/activerecord-2.3.5/lib/active_record/query_cache.rb:28:in `call'
    C:/Users/Peter/RailRuby/ruby/lib/ruby/gems/1.8/gems/activerecord-2.3.5/lib/active_record/connection_adapters/abstract/connection_pool.rb:361:in `call'
    C:/Users/Peter/RailRuby/ruby/lib/ruby/gems/1.8/gems/actionpack-2.3.5/lib/action_controller/string_coercion.rb:25:in `call'
    C:/Users/Peter/RailRuby/ruby/lib/ruby/gems/1.8/gems/rack-1.0.1/lib/rack/head.rb:9:in `call'
    C:/Users/Peter/RailRuby/ruby/lib/ruby/gems/1.8/gems/rack-1.0.1/lib/rack/methodoverride.rb:24:in `call'
    C:/Users/Peter/RailRuby/ruby/lib/ruby/gems/1.8/gems/actionpack-2.3.5/lib/action_controller/params_parser.rb:15:in `call'
    C:/Users/Peter/RailRuby/ruby/lib/ruby/gems/1.8/gems/actionpack-2.3.5/lib/action_controller/session/cookie_store.rb:93:in `call'
    C:/Users/Peter/RailRuby/ruby/lib/ruby/gems/1.8/gems/actionpack-2.3.5/lib/action_controller/failsafe.rb:26:in `call'
    C:/Users/Peter/RailRuby/ruby/lib/ruby/gems/1.8/gems/rack-1.0.1/lib/rack/lock.rb:11:in `call'
    C:/Users/Peter/RailRuby/ruby/lib/ruby/gems/1.8/gems/rack-1.0.1/lib/rack/lock.rb:11:in `synchronize'
    C:/Users/Peter/RailRuby/ruby/lib/ruby/gems/1.8/gems/rack-1.0.1/lib/rack/lock.rb:11:in `call'
    C:/Users/Peter/RailRuby/ruby/lib/ruby/gems/1.8/gems/actionpack-2.3.5/lib/action_controller/dispatcher.rb:114:in `call'
    C:/Users/Peter/RailRuby/ruby/lib/ruby/gems/1.8/gems/actionpack-2.3.5/lib/action_controller/reloader.rb:34:in `run'
    C:/Users/Peter/RailRuby/ruby/lib/ruby/gems/1.8/gems/actionpack-2.3.5/lib/action_controller/dispatcher.rb:108:in `call'
    C:/Users/Peter/RailRuby/ruby/lib/ruby/gems/1.8/gems/rails-2.3.5/lib/rails/rack/static.rb:31:in `call'
    C:/Users/Peter/RailRuby/ruby/lib/ruby/gems/1.8/gems/rack-1.0.1/lib/rack/urlmap.rb:46:in `call'
    C:/Users/Peter/RailRuby/ruby/lib/ruby/gems/1.8/gems/rack-1.0.1/lib/rack/urlmap.rb:40:in `each'
    C:/Users/Peter/RailRuby/ruby/lib/ruby/gems/1.8/gems/rack-1.0.1/lib/rack/urlmap.rb:40:in `call'
    C:/Users/Peter/RailRuby/ruby/lib/ruby/gems/1.8/gems/rails-2.3.5/lib/rails/rack/log_tailer.rb:17:in `call'
    C:/Users/Peter/RailRuby/ruby/lib/ruby/gems/1.8/gems/rack-1.0.1/lib/rack/content_length.rb:13:in `call'
    C:/Users/Peter/RailRuby/ruby/lib/ruby/gems/1.8/gems/rack-1.0.1/lib/rack/chunked.rb:15:in `call'
    C:/Users/Peter/RailRuby/ruby/lib/ruby/gems/1.8/gems/rack-1.0.1/lib/rack/handler/mongrel.rb:64:in `process'
    C:/Users/Peter/RailRuby/ruby/lib/ruby/gems/1.8/gems/mongrel-1.1.2-x86-mswin32/lib/mongrel.rb:159:in `process_client'
    C:/Users/Peter/RailRuby/ruby/lib/ruby/gems/1.8/gems/mongrel-1.1.2-x86-mswin32/lib/mongrel.rb:158:in `each'
    C:/Users/Peter/RailRuby/ruby/lib/ruby/gems/1.8/gems/mongrel-1.1.2-x86-mswin32/lib/mongrel.rb:158:in `process_client'
    C:/Users/Peter/RailRuby/ruby/lib/ruby/gems/1.8/gems/mongrel-1.1.2-x86-mswin32/lib/mongrel.rb:285:in `run'
    C:/Users/Peter/RailRuby/ruby/lib/ruby/gems/1.8/gems/mongrel-1.1.2-x86-mswin32/lib/mongrel.rb:285:in `initialize'
    C:/Users/Peter/RailRuby/ruby/lib/ruby/gems/1.8/gems/mongrel-1.1.2-x86-mswin32/lib/mongrel.rb:285:in `new'
    C:/Users/Peter/RailRuby/ruby/lib/ruby/gems/1.8/gems/mongrel-1.1.2-x86-mswin32/lib/mongrel.rb:285:in `run'
    C:/Users/Peter/RailRuby/ruby/lib/ruby/gems/1.8/gems/mongrel-1.1.2-x86-mswin32/lib/mongrel.rb:268:in `initialize'
    C:/Users/Peter/RailRuby/ruby/lib/ruby/gems/1.8/gems/mongrel-1.1.2-x86-mswin32/lib/mongrel.rb:268:in `new'
    C:/Users/Peter/RailRuby/ruby/lib/ruby/gems/1.8/gems/mongrel-1.1.2-x86-mswin32/lib/mongrel.rb:268:in `run'
    C:/Users/Peter/RailRuby/ruby/lib/ruby/gems/1.8/gems/rack-1.0.1/lib/rack/handler/mongrel.rb:34:in `run'
    C:/Users/Peter/RailRuby/ruby/lib/ruby/gems/1.8/gems/rails-2.3.5/lib/commands/server.rb:111
    C:/Users/Peter/RailRuby/ruby/lib/ruby/site_ruby/1.8/rubygems/custom_require.rb:31:in `gem_original_require'
    C:/Users/Peter/RailRuby/ruby/lib/ruby/site_ruby/1.8/rubygems/custom_require.rb:31:in `require'
    script/server:3
/!\ FAILSAFE /!\  Wed Jan 13 09:42:54 -0700 2010
  Status: 500 Internal Server Error
  Expected C:/Users/Peter/RailRuby/rails_apps/work/MusicianMatchup/app/helpers/mb_search_helper.rb to define MbSearchHelper
    C:/Users/Peter/RailRuby/ruby/lib/ruby/gems/1.8/gems/activesupport-2.3.5/lib/active_support/dependencies.rb:426:in `load_missing_constant'
    C:/Users/Peter/RailRuby/ruby/lib/ruby/gems/1.8/gems/activesupport-2.3.5/lib/active_support/dependencies.rb:80:in `const_missing'
    C:/Users/Peter/RailRuby/ruby/lib/ruby/gems/1.8/gems/activesupport-2.3.5/lib/active_support/dependencies.rb:92:in `const_missing'
    C:/Users/Peter/RailRuby/ruby/lib/ruby/gems/1.8/gems/activesupport-2.3.5/lib/active_support/inflector.rb:361:in `constantize'
    C:/Users/Peter/RailRuby/ruby/lib/ruby/gems/1.8/gems/activesupport-2.3.5/lib/active_support/inflector.rb:360:in `each'
    C:/Users/Peter/RailRuby/ruby/lib/ruby/gems/1.8/gems/activesupport-2.3.5/lib/active_support/inflector.rb:360:in `constantize'
    C:/Users/Peter/RailRuby/ruby/lib/ruby/gems/1.8/gems/activesupport-2.3.5/lib/active_support/core_ext/string/inflections.rb:162:in `constantize'
    C:/Users/Peter/RailRuby/ruby/lib/ruby/gems/1.8/gems/actionpack-2.3.5/lib/action_controller/helpers.rb:137:in `helper'
    C:/Users/Peter/RailRuby/ruby/lib/ruby/gems/1.8/gems/actionpack-2.3.5/lib/action_controller/helpers.rb:115:in `each'
    C:/Users/Peter/RailRuby/ruby/lib/ruby/gems/1.8/gems/actionpack-2.3.5/lib/action_controller/helpers.rb:115:in `helper'
    C:/Users/Peter/RailRuby/ruby/lib/ruby/gems/1.8/gems/actionpack-2.3.5/lib/action_controller/helpers.rb:120:in `helper'
    C:/Users/Peter/RailRuby/ruby/lib/ruby/gems/1.8/gems/actionpack-2.3.5/lib/action_controller/helpers.rb:115:in `each'
    C:/Users/Peter/RailRuby/ruby/lib/ruby/gems/1.8/gems/actionpack-2.3.5/lib/action_controller/helpers.rb:115:in `helper'
    C:/Users/Peter/RailRuby/rails_apps/work/MusicianMatchup/app/controllers/application_controller.rb:5
    C:/Users/Peter/RailRuby/ruby/lib/ruby/gems/1.8/gems/activesupport-2.3.5/lib/active_support/dependencies.rb:380:in `load_without_new_constant_marking'
    C:/Users/Peter/RailRuby/ruby/lib/ruby/gems/1.8/gems/activesupport-2.3.5/lib/active_support/dependencies.rb:380:in `load_file'
    C:/Users/Peter/RailRuby/ruby/lib/ruby/gems/1.8/gems/activesupport-2.3.5/lib/active_support/dependencies.rb:521:in `new_constants_in'
    C:/Users/Peter/RailRuby/ruby/lib/ruby/gems/1.8/gems/activesupport-2.3.5/lib/active_support/dependencies.rb:379:in `load_file'
    C:/Users/Peter/RailRuby/ruby/lib/ruby/gems/1.8/gems/activesupport-2.3.5/lib/active_support/dependencies.rb:259:in `require_or_load'
    C:/Users/Peter/RailRuby/ruby/lib/ruby/gems/1.8/gems/activesupport-2.3.5/lib/active_support/dependencies.rb:425:in `load_missing_constant'
    C:/Users/Peter/RailRuby/ruby/lib/ruby/gems/1.8/gems/activesupport-2.3.5/lib/active_support/dependencies.rb:80:in `const_missing'
    C:/Users/Peter/RailRuby/ruby/lib/ruby/gems/1.8/gems/activesupport-2.3.5/lib/active_support/dependencies.rb:92:in `const_missing'
    C:/Users/Peter/RailRuby/ruby/lib/ruby/gems/1.8/gems/actionpack-2.3.5/lib/action_controller/dispatcher.rb:89:in `dispatch'
    C:/Users/Peter/RailRuby/ruby/lib/ruby/gems/1.8/gems/actionpack-2.3.5/lib/action_controller/dispatcher.rb:121:in `_call'
    C:/Users/Peter/RailRuby/ruby/lib/ruby/gems/1.8/gems/actionpack-2.3.5/lib/action_controller/dispatcher.rb:130:in `build_middleware_stack'
    C:/Users/Peter/RailRuby/ruby/lib/ruby/gems/1.8/gems/activerecord-2.3.5/lib/active_record/query_cache.rb:29:in `call'
    C:/Users/Peter/RailRuby/ruby/lib/ruby/gems/1.8/gems/activerecord-2.3.5/lib/active_record/query_cache.rb:29:in `call'
    C:/Users/Peter/RailRuby/ruby/lib/ruby/gems/1.8/gems/activerecord-2.3.5/lib/active_record/connection_adapters/abstract/query_cache.rb:34:in `cache'
    C:/Users/Peter/RailRuby/ruby/lib/ruby/gems/1.8/gems/activerecord-2.3.5/lib/active_record/query_cache.rb:9:in `cache'
    C:/Users/Peter/RailRuby/ruby/lib/ruby/gems/1.8/gems/activerecord-2.3.5/lib/active_record/query_cache.rb:28:in `call'
    C:/Users/Peter/RailRuby/ruby/lib/ruby/gems/1.8/gems/activerecord-2.3.5/lib/active_record/connection_adapters/abstract/connection_pool.rb:361:in `call'
    C:/Users/Peter/RailRuby/ruby/lib/ruby/gems/1.8/gems/actionpack-2.3.5/lib/action_controller/string_coercion.rb:25:in `call'
    C:/Users/Peter/RailRuby/ruby/lib/ruby/gems/1.8/gems/rack-1.0.1/lib/rack/head.rb:9:in `call'
    C:/Users/Peter/RailRuby/ruby/lib/ruby/gems/1.8/gems/rack-1.0.1/lib/rack/methodoverride.rb:24:in `call'
    C:/Users/Peter/RailRuby/ruby/lib/ruby/gems/1.8/gems/actionpack-2.3.5/lib/action_controller/params_parser.rb:15:in `call'
    C:/Users/Peter/RailRuby/ruby/lib/ruby/gems/1.8/gems/actionpack-2.3.5/lib/action_controller/session/cookie_store.rb:93:in `call'
    C:/Users/Peter/RailRuby/ruby/lib/ruby/gems/1.8/gems/actionpack-2.3.5/lib/action_controller/failsafe.rb:26:in `call'
    C:/Users/Peter/RailRuby/ruby/lib/ruby/gems/1.8/gems/rack-1.0.1/lib/rack/lock.rb:11:in `call'
    C:/Users/Peter/RailRuby/ruby/lib/ruby/gems/1.8/gems/rack-1.0.1/lib/rack/lock.rb:11:in `synchronize'
    C:/Users/Peter/RailRuby/ruby/lib/ruby/gems/1.8/gems/rack-1.0.1/lib/rack/lock.rb:11:in `call'
    C:/Users/Peter/RailRuby/ruby/lib/ruby/gems/1.8/gems/actionpack-2.3.5/lib/action_controller/dispatcher.rb:114:in `call'
    C:/Users/Peter/RailRuby/ruby/lib/ruby/gems/1.8/gems/actionpack-2.3.5/lib/action_controller/reloader.rb:34:in `run'
    C:/Users/Peter/RailRuby/ruby/lib/ruby/gems/1.8/gems/actionpack-2.3.5/lib/action_controller/dispatcher.rb:108:in `call'
    C:/Users/Peter/RailRuby/ruby/lib/ruby/gems/1.8/gems/rails-2.3.5/lib/rails/rack/static.rb:31:in `call'
    C:/Users/Peter/RailRuby/ruby/lib/ruby/gems/1.8/gems/rack-1.0.1/lib/rack/urlmap.rb:46:in `call'
    C:/Users/Peter/RailRuby/ruby/lib/ruby/gems/1.8/gems/rack-1.0.1/lib/rack/urlmap.rb:40:in `each'
    C:/Users/Peter/RailRuby/ruby/lib/ruby/gems/1.8/gems/rack-1.0.1/lib/rack/urlmap.rb:40:in `call'
    C:/Users/Peter/RailRuby/ruby/lib/ruby/gems/1.8/gems/rails-2.3.5/lib/rails/rack/log_tailer.rb:17:in `call'
    C:/Users/Peter/RailRuby/ruby/lib/ruby/gems/1.8/gems/rack-1.0.1/lib/rack/content_length.rb:13:in `call'
    C:/Users/Peter/RailRuby/ruby/lib/ruby/gems/1.8/gems/rack-1.0.1/lib/rack/chunked.rb:15:in `call'
    C:/Users/Peter/RailRuby/ruby/lib/ruby/gems/1.8/gems/rack-1.0.1/lib/rack/handler/mongrel.rb:64:in `process'
    C:/Users/Peter/RailRuby/ruby/lib/ruby/gems/1.8/gems/mongrel-1.1.2-x86-mswin32/lib/mongrel.rb:159:in `process_client'
    C:/Users/Peter/RailRuby/ruby/lib/ruby/gems/1.8/gems/mongrel-1.1.2-x86-mswin32/lib/mongrel.rb:158:in `each'
    C:/Users/Peter/RailRuby/ruby/lib/ruby/gems/1.8/gems/mongrel-1.1.2-x86-mswin32/lib/mongrel.rb:158:in `process_client'
    C:/Users/Peter/RailRuby/ruby/lib/ruby/gems/1.8/gems/mongrel-1.1.2-x86-mswin32/lib/mongrel.rb:285:in `run'
    C:/Users/Peter/RailRuby/ruby/lib/ruby/gems/1.8/gems/mongrel-1.1.2-x86-mswin32/lib/mongrel.rb:285:in `initialize'
    C:/Users/Peter/RailRuby/ruby/lib/ruby/gems/1.8/gems/mongrel-1.1.2-x86-mswin32/lib/mongrel.rb:285:in `new'
    C:/Users/Peter/RailRuby/ruby/lib/ruby/gems/1.8/gems/mongrel-1.1.2-x86-mswin32/lib/mongrel.rb:285:in `run'
    C:/Users/Peter/RailRuby/ruby/lib/ruby/gems/1.8/gems/mongrel-1.1.2-x86-mswin32/lib/mongrel.rb:268:in `initialize'
    C:/Users/Peter/RailRuby/ruby/lib/ruby/gems/1.8/gems/mongrel-1.1.2-x86-mswin32/lib/mongrel.rb:268:in `new'
    C:/Users/Peter/RailRuby/ruby/lib/ruby/gems/1.8/gems/mongrel-1.1.2-x86-mswin32/lib/mongrel.rb:268:in `run'
    C:/Users/Peter/RailRuby/ruby/lib/ruby/gems/1.8/gems/rack-1.0.1/lib/rack/handler/mongrel.rb:34:in `run'
    C:/Users/Peter/RailRuby/ruby/lib/ruby/gems/1.8/gems/rails-2.3.5/lib/commands/server.rb:111
    C:/Users/Peter/RailRuby/ruby/lib/ruby/site_ruby/1.8/rubygems/custom_require.rb:31:in `gem_original_require'
    C:/Users/Peter/RailRuby/ruby/lib/ruby/site_ruby/1.8/rubygems/custom_require.rb:31:in `require'
    script/server:3
